<?xml version="1.0" encoding="utf-8"?><testsuites name="pytest tests"><testsuite name="pytest" errors="0" failures="0" skipped="0" tests="6" time="1.214" timestamp="2026-06-13T21:35:54.884077+00:00" hostname="agent-env-5106c572-4595-4233-b6a1-fa04633b09f7"><testcase classname="backend.tests.test_motoprof.TestAuth" name="test_register_new_user" time="0.350" /><testcase classname="backend.tests.test_motoprof.TestAuth" name="test_login_admin" time="0.316" /><testcase classname="backend.tests.test_motoprof.TestAuth" name="test_login_invalid" time="0.102" /><testcase classname="backend.tests.test_motoprof.TestProducts" name="test_get_products" time="0.102" /><testcase classname="backend.tests.test_motoprof.TestGuestOrder" name="test_guest_order_creation" time="0.184" /><testcase classname="backend.tests.test_motoprof.TestGuestOrder" name="test_guest_order_requires_email_when_no_auth" time="0.092" /></testsuite></testsuites>