<?xml version="1.0" encoding="utf-8"?><testsuites name="pytest tests"><testsuite name="pytest" errors="0" failures="0" skipped="0" tests="15" time="4.014" timestamp="2026-06-13T23:48:34.440810+00:00" hostname="agent-env-5106c572-4595-4233-b6a1-fa04633b09f7"><testcase classname="backend.tests.test_iyzico_iter7" name="test_health" time="0.287" /><testcase classname="backend.tests.test_iyzico_iter7" name="test_products_list" time="0.140" /><testcase classname="backend.tests.test_iyzico_iter7" name="test_products_search_honda_fren" time="0.150" /><testcase classname="backend.tests.test_iyzico_iter7" name="test_products_search_sku" time="0.109" /><testcase classname="backend.tests.test_iyzico_iter7" name="test_auth_login_admin" time="0.340" /><testcase classname="backend.tests.test_iyzico_iter7" name="test_auth_me_with_cookie" time="0.437" /><testcase classname="backend.tests.test_iyzico_iter7" name="test_auth_register_new_user" time="0.326" /><testcase classname="backend.tests.test_iyzico_iter7" name="test_coupon_validate_moto10" time="0.104" /><testcase classname="backend.tests.test_iyzico_iter7" name="test_coupon_invalid" time="0.093" /><testcase classname="backend.tests.test_iyzico_iter7" name="test_stock_notify" time="0.102" /><testcase classname="backend.tests.test_iyzico_iter7" name="test_wishlist_toggle_requires_login" time="0.091" /><testcase classname="backend.tests.test_iyzico_iter7" name="test_wishlist_toggle_with_auth" time="0.430" /><testcase classname="backend.tests.test_iyzico_iter7" name="test_create_guest_order" time="0.201" /><testcase classname="backend.tests.test_iyzico_iter7" name="test_iyzico_initialize" time="1.006" /><testcase classname="backend.tests.test_iyzico_iter7" name="test_iyzico_callback_invalid_token" time="0.110" /></testsuite></testsuites>