<?xml version="1.0" encoding="utf-8"?><testsuites name="pytest tests"><testsuite name="pytest" errors="0" failures="0" skipped="0" tests="22" time="3.194" timestamp="2026-06-13T23:25:54.879857+00:00" hostname="agent-env-5106c572-4595-4233-b6a1-fa04633b09f7"><testcase classname="backend.tests.test_motoprof_postgresql.TestProducts" name="test_get_products_list" time="0.178" /><testcase classname="backend.tests.test_motoprof_postgresql.TestProducts" name="test_get_products_pagination" time="0.047" /><testcase classname="backend.tests.test_motoprof_postgresql.TestProducts" name="test_search_products" time="0.048" /><testcase classname="backend.tests.test_motoprof_postgresql.TestProducts" name="test_get_product_by_slug" time="0.089" /><testcase classname="backend.tests.test_motoprof_postgresql.TestProducts" name="test_get_product_motoprof_preview" time="0.045" /><testcase classname="backend.tests.test_motoprof_postgresql.TestAuth" name="test_register_new_user" time="0.334" /><testcase classname="backend.tests.test_motoprof_postgresql.TestAuth" name="test_login_admin" time="0.317" /><testcase classname="backend.tests.test_motoprof_postgresql.TestAuth" name="test_login_wrong_password" time="0.266" /><testcase classname="backend.tests.test_motoprof_postgresql.TestAuth" name="test_get_me_authenticated" time="0.396" /><testcase classname="backend.tests.test_motoprof_postgresql.TestAuth" name="test_get_me_unauthenticated" time="0.125" /><testcase classname="backend.tests.test_motoprof_postgresql.TestAuth" name="test_logout" time="0.397" /><testcase classname="backend.tests.test_motoprof_postgresql.TestOrders" name="test_create_guest_order" time="0.110" /><testcase classname="backend.tests.test_motoprof_postgresql.TestOrders" name="test_create_order_with_coupon" time="0.138" /><testcase classname="backend.tests.test_motoprof_postgresql.TestCoupons" name="test_validate_moto10_coupon" time="0.044" /><testcase classname="backend.tests.test_motoprof_postgresql.TestCoupons" name="test_validate_coupon_below_min" time="0.047" /><testcase classname="backend.tests.test_motoprof_postgresql.TestCoupons" name="test_validate_invalid_coupon" time="0.047" /><testcase classname="backend.tests.test_motoprof_postgresql.TestCoupons" name="test_validate_ilkalis_coupon" time="0.042" /><testcase classname="backend.tests.test_motoprof_postgresql.TestWishlist" name="test_get_wishlist_unauthenticated" time="0.100" /><testcase classname="backend.tests.test_motoprof_postgresql.TestWishlist" name="test_get_wishlist_authenticated" time="0.046" /><testcase classname="backend.tests.test_motoprof_postgresql.TestWishlist" name="test_toggle_wishlist" time="0.088" /><testcase classname="backend.tests.test_motoprof_postgresql.TestStockNotify" name="test_stock_notify_register" time="0.127" /><testcase classname="backend.tests.test_motoprof_postgresql.TestSitemap" name="test_sitemap_xml" time="0.046" /></testsuite></testsuites>