<?xml version="1.0" encoding="utf-8"?><testsuites name="pytest tests"><testsuite name="pytest" errors="0" failures="0" skipped="0" tests="18" time="2.522" timestamp="2026-06-13T20:59:50.791265+00:00" hostname="agent-env-5106c572-4595-4233-b6a1-fa04633b09f7"><testcase classname="backend.tests.test_motoprof.TestHealth" name="test_root" time="0.289" /><testcase classname="backend.tests.test_motoprof.TestAuth" name="test_register_new_user" time="0.282" /><testcase classname="backend.tests.test_motoprof.TestAuth" name="test_login_admin" time="0.277" /><testcase classname="backend.tests.test_motoprof.TestAuth" name="test_login_wrong_password" time="0.341" /><testcase classname="backend.tests.test_motoprof.TestAuth" name="test_get_me" time="0.317" /><testcase classname="backend.tests.test_motoprof.TestAuth" name="test_me_unauthenticated" time="0.100" /><testcase classname="backend.tests.test_motoprof.TestProducts" name="test_get_all_products" time="0.044" /><testcase classname="backend.tests.test_motoprof.TestProducts" name="test_filter_by_brand_honda" time="0.045" /><testcase classname="backend.tests.test_motoprof.TestProducts" name="test_filter_by_model_id" time="0.047" /><testcase classname="backend.tests.test_motoprof.TestProducts" name="test_get_product_by_slug" time="0.043" /><testcase classname="backend.tests.test_motoprof.TestProducts" name="test_get_product_not_found" time="0.046" /><testcase classname="backend.tests.test_motoprof.TestProducts" name="test_search_products" time="0.045" /><testcase classname="backend.tests.test_motoprof.TestProducts" name="test_featured_products" time="0.044" /><testcase classname="backend.tests.test_motoprof.TestOrders" name="test_create_order_unauthenticated" time="0.139" /><testcase classname="backend.tests.test_motoprof.TestOrders" name="test_create_order_authenticated" time="0.061" /><testcase classname="backend.tests.test_motoprof.TestOrders" name="test_get_orders_authenticated" time="0.050" /><testcase classname="backend.tests.test_motoprof.TestOrders" name="test_get_orders_unauthenticated" time="0.102" /><testcase classname="backend.tests.test_motoprof.TestLogout" name="test_logout" time="0.042" /></testsuite></testsuites>