<?xml version="1.0" encoding="utf-8"?><testsuites name="pytest tests"><testsuite name="pytest" errors="0" failures="0" skipped="2" tests="12" time="1.643" timestamp="2026-06-13T23:57:00.665137+00:00" hostname="agent-env-5106c572-4595-4233-b6a1-fa04633b09f7"><testcase classname="backend.tests.test_addresses_orderdetail" name="test_addresses_requires_auth" time="0.271" /><testcase classname="backend.tests.test_addresses_orderdetail" name="test_create_address_requires_auth" time="0.101" /><testcase classname="backend.tests.test_addresses_orderdetail" name="test_list_addresses" time="0.453" /><testcase classname="backend.tests.test_addresses_orderdetail" name="test_create_address" time="0.101" /><testcase classname="backend.tests.test_addresses_orderdetail" name="test_create_address_missing_required" time="0.044" /><testcase classname="backend.tests.test_addresses_orderdetail" name="test_update_address" time="0.098" /><testcase classname="backend.tests.test_addresses_orderdetail" name="test_update_address_persists" time="0.050" /><testcase classname="backend.tests.test_addresses_orderdetail" name="test_set_default_address" time="0.059" /><testcase classname="backend.tests.test_addresses_orderdetail" name="test_delete_address" time="0.143" /><testcase classname="backend.tests.test_addresses_orderdetail" name="test_order_detail_requires_auth" time="0.101" /><testcase classname="backend.tests.test_addresses_orderdetail" name="test_order_list_and_detail" time="0.049"><skipped type="pytest.skip" message="No orders to test detail">/app/backend/tests/test_addresses_orderdetail.py:178: No orders to test detail</skipped></testcase><testcase classname="backend.tests.test_addresses_orderdetail" name="test_order_detail_shipping_fields" time="0.094"><skipped type="pytest.skip" message="No orders">/app/backend/tests/test_addresses_orderdetail.py:207: No orders</skipped></testcase></testsuite></testsuites>