<?xml version="1.0" encoding="utf-8"?><testsuites name="pytest tests"><testsuite name="pytest" errors="0" failures="1" skipped="0" tests="12" time="2.257" timestamp="2026-06-13T22:46:42.200344+00:00" hostname="agent-env-5106c572-4595-4233-b6a1-fa04633b09f7"><testcase classname="backend.tests.test_new_features.TestCoupons" name="test_valid_coupon_moto10" time="0.216" /><testcase classname="backend.tests.test_new_features.TestCoupons" name="test_valid_coupon_kargo50_fixed" time="0.092" /><testcase classname="backend.tests.test_new_features.TestCoupons" name="test_coupon_min_order_not_met" time="0.126" /><testcase classname="backend.tests.test_new_features.TestCoupons" name="test_invalid_coupon" time="0.100" /><testcase classname="backend.tests.test_new_features.TestCoupons" name="test_ilkalis_coupon" time="0.108" /><testcase classname="backend.tests.test_new_features.TestWishlist" name="test_get_wishlist_unauthenticated" time="0.123" /><testcase classname="backend.tests.test_new_features.TestWishlist" name="test_toggle_wishlist_requires_auth" time="0.153" /><testcase classname="backend.tests.test_new_features.TestWishlist" name="test_wishlist_toggle_authenticated" time="0.385" /><testcase classname="backend.tests.test_new_features.TestWishlist" name="test_get_wishlist_authenticated" time="0.365" /><testcase classname="backend.tests.test_new_features.TestStockNotify" name="test_stock_notify_valid" time="0.099" /><testcase classname="backend.tests.test_new_features.TestStockNotify" name="test_stock_notify_invalid_email" time="0.095"><failure message="assert 200 in [400, 422]&#10; +  where 200 = &lt;Response [200]&gt;.status_code">backend/tests/test_new_features.py:78: in test_stock_notify_invalid_email
    assert r.status_code in [400, 422]
E   assert 200 in [400, 422]
E    +  where 200 = &lt;Response [200]&gt;.status_code</failure></testcase><testcase classname="backend.tests.test_new_features.TestSitemap" name="test_sitemap_xml" time="0.107" /></testsuite></testsuites>